<?xml version="1.0" encoding="UTF-8"?>
<testng-results ignored="0" total="4" passed="4" failed="0" skipped="0">
  <reporter-output>
    <line>
      <![CDATA[<===== Start of Test Method =====>]]>
    </line>
    <line>
      <![CDATA[<===== Start of Test Method =====>]]>
    </line>
    <line>
      <![CDATA[Setting desired Capabilities]]>
    </line>
    <line>
      <![CDATA[<===== Start of Test Method =====>]]>
    </line>
    <line>
      <![CDATA[Setting desired Capabilities]]>
    </line>
    <line>
      <![CDATA[Setting desired Capabilities]]>
    </line>
    <line>
      <![CDATA[Connecting to hub/ Grid]]>
    </line>
    <line>
      <![CDATA[Connecting to hub/ Grid]]>
    </line>
    <line>
      <![CDATA[Connecting to hub/ Grid]]>
    </line>
    <line>
      <![CDATA[Step1: Navigate to https://www.lambdatest.com/]]>
    </line>
    <line>
      <![CDATA[Step1: Navigate to https://www.lambdatest.com/]]>
    </line>
    <line>
      <![CDATA[Step2.Perform an Explicitly wait till the time all the elements in the DOM are available.]]>
    </line>
    <line>
      <![CDATA[Step3. Scroll to the WebElement SEE ALL INTEGRATIONS using the scrollIntoView() method.]]>
    </line>
    <line>
      <![CDATA[Step2.Perform an Explicitly wait till the time all the elements in the DOM are available.]]>
    </line>
    <line>
      <![CDATA[Step3. Scroll to the WebElement SEE ALL INTEGRATIONS using the scrollIntoView() method.]]>
    </line>
    <line>
      <![CDATA[Step4. Click on the link and and validate url]]>
    </line>
    <line>
      <![CDATA[Step4. Click on the link and and validate url]]>
    </line>
    <line>
      <![CDATA[Step6. Verify whether the URL is the same as the expected URL-->]]>
    </line>
    <line>
      <![CDATA[Step7. On that page, scroll to the page where the WebElement Codeless Automation is present]]>
    </line>
    <line>
      <![CDATA[Step6. Verify whether the URL is the same as the expected URL-->]]>
    </line>
    <line>
      <![CDATA[Step7. On that page, scroll to the page where the WebElement Codeless Automation is present]]>
    </line>
    <line>
      <![CDATA[Step8. Click the LEARN MORE link for Testing Whiz. The page should open in the same window.]]>
    </line>
    <line>
      <![CDATA[Step8. Click the LEARN MORE link for Testing Whiz. The page should open in the same window.]]>
    </line>
    <line>
      <![CDATA[Step9. Check if the title of the page is ‘TestingWhiz Integration | LambdaTest]]>
    </line>
    <line>
      <![CDATA[STep12. On the current window, set the URL to https://www.lambdatest.com/blog ]]>
    </line>
    <line>
      <![CDATA[Step9. Check if the title of the page is ‘TestingWhiz Integration | LambdaTest]]>
    </line>
    <line>
      <![CDATA[Step13. Click on the Community link and verify whether the URL is --> https://community.lambdatest.com/]]>
    </line>
    <line>
      <![CDATA[STep12. On the current window, set the URL to https://www.lambdatest.com/blog ]]>
    </line>
    <line>
      <![CDATA[Step13. Click on the Community link and verify whether the URL is --> https://community.lambdatest.com/]]>
    </line>
    <line>
      <![CDATA[**Note:- Steps 4,5,10 and 11 not applicable, since the test flow doesn't contain wondow handler things]]>
    </line>
    <line>
      <![CDATA[<+======Ending the Test Method =====>]]>
    </line>
    <line>
      <![CDATA[Step14. Close the current browser window]]>
    </line>
    <line>
      <![CDATA[Closing the browser session]]>
    </line>
    <line>
      <![CDATA[**Note:- Steps 4,5,10 and 11 not applicable, since the test flow doesn't contain wondow handler things]]>
    </line>
    <line>
      <![CDATA[<+======Ending the Test Method =====>]]>
    </line>
    <line>
      <![CDATA[Step14. Close the current browser window]]>
    </line>
    <line>
      <![CDATA[Closing the browser session]]>
    </line>
    <line>
      <![CDATA[Step1: Navigate to https://www.lambdatest.com/]]>
    </line>
    <line>
      <![CDATA[Step2.Perform an Explicitly wait till the time all the elements in the DOM are available.]]>
    </line>
    <line>
      <![CDATA[Step3. Scroll to the WebElement SEE ALL INTEGRATIONS using the scrollIntoView() method.]]>
    </line>
    <line>
      <![CDATA[Step4. Click on the link and and validate url]]>
    </line>
    <line>
      <![CDATA[Step6. Verify whether the URL is the same as the expected URL-->]]>
    </line>
    <line>
      <![CDATA[Step7. On that page, scroll to the page where the WebElement Codeless Automation is present]]>
    </line>
    <line>
      <![CDATA[Step8. Click the LEARN MORE link for Testing Whiz. The page should open in the same window.]]>
    </line>
    <line>
      <![CDATA[Step9. Check if the title of the page is ‘TestingWhiz Integration | LambdaTest]]>
    </line>
    <line>
      <![CDATA[STep12. On the current window, set the URL to https://www.lambdatest.com/blog ]]>
    </line>
    <line>
      <![CDATA[Step13. Click on the Community link and verify whether the URL is --> https://community.lambdatest.com/]]>
    </line>
    <line>
      <![CDATA[**Note:- Steps 4,5,10 and 11 not applicable, since the test flow doesn't contain wondow handler things]]>
    </line>
    <line>
      <![CDATA[<+======Ending the Test Method =====>]]>
    </line>
    <line>
      <![CDATA[Step14. Close the current browser window]]>
    </line>
    <line>
      <![CDATA[Closing the browser session]]>
    </line>
    <line>
      <![CDATA[<===== Start of Test Method =====>]]>
    </line>
    <line>
      <![CDATA[Setting desired Capabilities]]>
    </line>
    <line>
      <![CDATA[Connecting to hub/ Grid]]>
    </line>
    <line>
      <![CDATA[Step1: Navigate to https://www.lambdatest.com/]]>
    </line>
    <line>
      <![CDATA[Step2.Perform an Explicitly wait till the time all the elements in the DOM are available.]]>
    </line>
    <line>
      <![CDATA[Step3. Scroll to the WebElement SEE ALL INTEGRATIONS using the scrollIntoView() method.]]>
    </line>
    <line>
      <![CDATA[Step4. Click on the link and and validate url]]>
    </line>
    <line>
      <![CDATA[Step6. Verify whether the URL is the same as the expected URL-->]]>
    </line>
    <line>
      <![CDATA[Step7. On that page, scroll to the page where the WebElement Codeless Automation is present]]>
    </line>
    <line>
      <![CDATA[Step8. Click the LEARN MORE link for Testing Whiz. The page should open in the same window.]]>
    </line>
    <line>
      <![CDATA[Step9. Check if the title of the page is ‘TestingWhiz Integration | LambdaTest]]>
    </line>
    <line>
      <![CDATA[STep12. On the current window, set the URL to https://www.lambdatest.com/blog ]]>
    </line>
    <line>
      <![CDATA[Step13. Click on the Community link and verify whether the URL is --> https://community.lambdatest.com/]]>
    </line>
    <line>
      <![CDATA[**Note:- Steps 4,5,10 and 11 not applicable, since the test flow doesn't contain wondow handler things]]>
    </line>
    <line>
      <![CDATA[<+======Ending the Test Method =====>]]>
    </line>
    <line>
      <![CDATA[Step14. Close the current browser window]]>
    </line>
    <line>
      <![CDATA[Closing the browser session]]>
    </line>
  </reporter-output>
  <suite started-at="2022-10-08T21:36:39 IST" name="TestNG Parallel Test suite" finished-at="2022-10-08T21:37:15 IST" duration-ms="35595">
    <groups>
    </groups>
    <test started-at="2022-10-08T21:36:39 IST" name="Edge Browser Testing" finished-at="2022-10-08T21:37:13 IST" duration-ms="33613">
      <class name="com.lambda.test.SeleniumLambdaTest">
        <test-method is-config="true" signature="setup(java.lang.reflect.Method,org.testng.ITestContext,java.lang.String,java.lang.String,java.lang.String)[pri:0, instance:com.lambda.test.SeleniumLambdaTest@6ca8564a]" started-at="2022-10-08T21:36:39 IST" name="setup" finished-at="2022-10-08T21:36:52 IST" duration-ms="12693" status="PASS">
          <params>
            <param index="0">
              <value>
                <![CDATA[public void com.lambda.test.SeleniumLambdaTest.AdvancedSeleniumTestValidation(java.lang.String) throws java.lang.InterruptedException]]>
              </value>
            </param>
            <param index="1">
              <value>
                <![CDATA[org.testng.TestRunner@131774fe]]>
              </value>
            </param>
            <param index="2">
              <value>
                <![CDATA[Edge]]>
              </value>
            </param>
            <param index="3">
              <value>
                <![CDATA[87.0]]>
              </value>
            </param>
            <param index="4">
              <value>
                <![CDATA[macOS Sierra]]>
              </value>
            </param>
          </params>
          <reporter-output>
            <line>
              <![CDATA[<===== Start of Test Method =====>]]>
            </line>
            <line>
              <![CDATA[Setting desired Capabilities]]>
            </line>
            <line>
              <![CDATA[Connecting to hub/ Grid]]>
            </line>
          </reporter-output>
        </test-method> <!-- setup -->
        <test-method signature="AdvancedSeleniumTestValidation(java.lang.String)[pri:0, instance:com.lambda.test.SeleniumLambdaTest@6ca8564a]" started-at="2022-10-08T21:36:52 IST" name="AdvancedSeleniumTestValidation" finished-at="2022-10-08T21:37:11 IST" duration-ms="18703" status="PASS">
          <params>
            <param index="0">
              <value>
                <![CDATA[https://www.lambdatest.com/]]>
              </value>
            </param>
          </params>
          <reporter-output>
            <line>
              <![CDATA[Step1: Navigate to https://www.lambdatest.com/]]>
            </line>
            <line>
              <![CDATA[Step2.Perform an Explicitly wait till the time all the elements in the DOM are available.]]>
            </line>
            <line>
              <![CDATA[Step3. Scroll to the WebElement SEE ALL INTEGRATIONS using the scrollIntoView() method.]]>
            </line>
            <line>
              <![CDATA[Step4. Click on the link and and validate url]]>
            </line>
            <line>
              <![CDATA[Step6. Verify whether the URL is the same as the expected URL-->]]>
            </line>
            <line>
              <![CDATA[Step7. On that page, scroll to the page where the WebElement Codeless Automation is present]]>
            </line>
            <line>
              <![CDATA[Step8. Click the LEARN MORE link for Testing Whiz. The page should open in the same window.]]>
            </line>
            <line>
              <![CDATA[Step9. Check if the title of the page is ‘TestingWhiz Integration | LambdaTest]]>
            </line>
            <line>
              <![CDATA[STep12. On the current window, set the URL to https://www.lambdatest.com/blog ]]>
            </line>
            <line>
              <![CDATA[Step13. Click on the Community link and verify whether the URL is --> https://community.lambdatest.com/]]>
            </line>
            <line>
              <![CDATA[**Note:- Steps 4,5,10 and 11 not applicable, since the test flow doesn't contain wondow handler things]]>
            </line>
          </reporter-output>
        </test-method> <!-- AdvancedSeleniumTestValidation -->
        <test-method is-config="true" signature="tearDown()[pri:0, instance:com.lambda.test.SeleniumLambdaTest@6ca8564a]" started-at="2022-10-08T21:37:11 IST" name="tearDown" finished-at="2022-10-08T21:37:13 IST" duration-ms="2130" status="PASS">
          <reporter-output>
            <line>
              <![CDATA[<+======Ending the Test Method =====>]]>
            </line>
            <line>
              <![CDATA[Step14. Close the current browser window]]>
            </line>
            <line>
              <![CDATA[Closing the browser session]]>
            </line>
          </reporter-output>
        </test-method> <!-- tearDown -->
      </class> <!-- com.lambda.test.SeleniumLambdaTest -->
    </test> <!-- Edge Browser Testing -->
    <test started-at="2022-10-08T21:36:39 IST" name="Chrome Browser  testing" finished-at="2022-10-08T21:37:15 IST" duration-ms="35595">
      <class name="com.lambda.test.SeleniumLambdaTest">
        <test-method is-config="true" signature="setup(java.lang.reflect.Method,org.testng.ITestContext,java.lang.String,java.lang.String,java.lang.String)[pri:0, instance:com.lambda.test.SeleniumLambdaTest@3f197a46]" started-at="2022-10-08T21:36:39 IST" name="setup" finished-at="2022-10-08T21:36:52 IST" duration-ms="12643" status="PASS">
          <params>
            <param index="0">
              <value>
                <![CDATA[public void com.lambda.test.SeleniumLambdaTest.AdvancedSeleniumTestValidation(java.lang.String) throws java.lang.InterruptedException]]>
              </value>
            </param>
            <param index="1">
              <value>
                <![CDATA[org.testng.TestRunner@10e31a9a]]>
              </value>
            </param>
            <param index="2">
              <value>
                <![CDATA[Chrome]]>
              </value>
            </param>
            <param index="3">
              <value>
                <![CDATA[86]]>
              </value>
            </param>
            <param index="4">
              <value>
                <![CDATA[Windows 10]]>
              </value>
            </param>
          </params>
          <reporter-output>
            <line>
              <![CDATA[<===== Start of Test Method =====>]]>
            </line>
            <line>
              <![CDATA[Setting desired Capabilities]]>
            </line>
            <line>
              <![CDATA[Connecting to hub/ Grid]]>
            </line>
          </reporter-output>
        </test-method> <!-- setup -->
        <test-method signature="AdvancedSeleniumTestValidation(java.lang.String)[pri:0, instance:com.lambda.test.SeleniumLambdaTest@3f197a46]" started-at="2022-10-08T21:36:52 IST" name="AdvancedSeleniumTestValidation" finished-at="2022-10-08T21:37:13 IST" duration-ms="20784" status="PASS">
          <params>
            <param index="0">
              <value>
                <![CDATA[https://www.lambdatest.com/]]>
              </value>
            </param>
          </params>
          <reporter-output>
            <line>
              <![CDATA[Step1: Navigate to https://www.lambdatest.com/]]>
            </line>
            <line>
              <![CDATA[Step2.Perform an Explicitly wait till the time all the elements in the DOM are available.]]>
            </line>
            <line>
              <![CDATA[Step3. Scroll to the WebElement SEE ALL INTEGRATIONS using the scrollIntoView() method.]]>
            </line>
            <line>
              <![CDATA[Step4. Click on the link and and validate url]]>
            </line>
            <line>
              <![CDATA[Step6. Verify whether the URL is the same as the expected URL-->]]>
            </line>
            <line>
              <![CDATA[Step7. On that page, scroll to the page where the WebElement Codeless Automation is present]]>
            </line>
            <line>
              <![CDATA[Step8. Click the LEARN MORE link for Testing Whiz. The page should open in the same window.]]>
            </line>
            <line>
              <![CDATA[Step9. Check if the title of the page is ‘TestingWhiz Integration | LambdaTest]]>
            </line>
            <line>
              <![CDATA[STep12. On the current window, set the URL to https://www.lambdatest.com/blog ]]>
            </line>
            <line>
              <![CDATA[Step13. Click on the Community link and verify whether the URL is --> https://community.lambdatest.com/]]>
            </line>
            <line>
              <![CDATA[**Note:- Steps 4,5,10 and 11 not applicable, since the test flow doesn't contain wondow handler things]]>
            </line>
          </reporter-output>
        </test-method> <!-- AdvancedSeleniumTestValidation -->
        <test-method is-config="true" signature="tearDown()[pri:0, instance:com.lambda.test.SeleniumLambdaTest@3f197a46]" started-at="2022-10-08T21:37:13 IST" name="tearDown" finished-at="2022-10-08T21:37:15 IST" duration-ms="2083" status="PASS">
          <reporter-output>
            <line>
              <![CDATA[<+======Ending the Test Method =====>]]>
            </line>
            <line>
              <![CDATA[Step14. Close the current browser window]]>
            </line>
            <line>
              <![CDATA[Closing the browser session]]>
            </line>
          </reporter-output>
        </test-method> <!-- tearDown -->
      </class> <!-- com.lambda.test.SeleniumLambdaTest -->
    </test> <!-- Chrome Browser  testing -->
  </suite> <!-- TestNG Parallel Test suite -->
  <suite started-at="2022-10-08T21:36:39 IST" name="Cross Browser Single Test" finished-at="2022-10-08T21:38:16 IST" duration-ms="96406">
    <groups>
    </groups>
    <test started-at="2022-10-08T21:36:39 IST" name="Chrome Browser Testing" finished-at="2022-10-08T21:37:46 IST" duration-ms="67029">
      <class name="com.lambda.test.SeleniumLambdaTest">
        <test-method is-config="true" signature="setup(java.lang.reflect.Method,org.testng.ITestContext,java.lang.String,java.lang.String,java.lang.String)[pri:0, instance:com.lambda.test.SeleniumLambdaTest@1f0f1111]" started-at="2022-10-08T21:36:39 IST" name="setup" finished-at="2022-10-08T21:37:21 IST" duration-ms="41950" status="PASS">
          <params>
            <param index="0">
              <value>
                <![CDATA[public void com.lambda.test.SeleniumLambdaTest.AdvancedSeleniumTestValidation(java.lang.String) throws java.lang.InterruptedException]]>
              </value>
            </param>
            <param index="1">
              <value>
                <![CDATA[org.testng.TestRunner@158d2680]]>
              </value>
            </param>
            <param index="2">
              <value>
                <![CDATA[Chrome]]>
              </value>
            </param>
            <param index="3">
              <value>
                <![CDATA[86]]>
              </value>
            </param>
            <param index="4">
              <value>
                <![CDATA[Windows 10]]>
              </value>
            </param>
          </params>
          <reporter-output>
            <line>
              <![CDATA[<===== Start of Test Method =====>]]>
            </line>
            <line>
              <![CDATA[Setting desired Capabilities]]>
            </line>
            <line>
              <![CDATA[Connecting to hub/ Grid]]>
            </line>
          </reporter-output>
        </test-method> <!-- setup -->
        <test-method signature="AdvancedSeleniumTestValidation(java.lang.String)[pri:0, instance:com.lambda.test.SeleniumLambdaTest@1f0f1111]" started-at="2022-10-08T21:37:21 IST" name="AdvancedSeleniumTestValidation" finished-at="2022-10-08T21:37:44 IST" duration-ms="23035" status="PASS">
          <params>
            <param index="0">
              <value>
                <![CDATA[https://www.lambdatest.com/]]>
              </value>
            </param>
          </params>
          <reporter-output>
            <line>
              <![CDATA[Step1: Navigate to https://www.lambdatest.com/]]>
            </line>
            <line>
              <![CDATA[Step2.Perform an Explicitly wait till the time all the elements in the DOM are available.]]>
            </line>
            <line>
              <![CDATA[Step3. Scroll to the WebElement SEE ALL INTEGRATIONS using the scrollIntoView() method.]]>
            </line>
            <line>
              <![CDATA[Step4. Click on the link and and validate url]]>
            </line>
            <line>
              <![CDATA[Step6. Verify whether the URL is the same as the expected URL-->]]>
            </line>
            <line>
              <![CDATA[Step7. On that page, scroll to the page where the WebElement Codeless Automation is present]]>
            </line>
            <line>
              <![CDATA[Step8. Click the LEARN MORE link for Testing Whiz. The page should open in the same window.]]>
            </line>
            <line>
              <![CDATA[Step9. Check if the title of the page is ‘TestingWhiz Integration | LambdaTest]]>
            </line>
            <line>
              <![CDATA[STep12. On the current window, set the URL to https://www.lambdatest.com/blog ]]>
            </line>
            <line>
              <![CDATA[Step13. Click on the Community link and verify whether the URL is --> https://community.lambdatest.com/]]>
            </line>
            <line>
              <![CDATA[**Note:- Steps 4,5,10 and 11 not applicable, since the test flow doesn't contain wondow handler things]]>
            </line>
          </reporter-output>
        </test-method> <!-- AdvancedSeleniumTestValidation -->
        <test-method is-config="true" signature="tearDown()[pri:0, instance:com.lambda.test.SeleniumLambdaTest@1f0f1111]" started-at="2022-10-08T21:37:44 IST" name="tearDown" finished-at="2022-10-08T21:37:46 IST" duration-ms="1952" status="PASS">
          <reporter-output>
            <line>
              <![CDATA[<+======Ending the Test Method =====>]]>
            </line>
            <line>
              <![CDATA[Step14. Close the current browser window]]>
            </line>
            <line>
              <![CDATA[Closing the browser session]]>
            </line>
          </reporter-output>
        </test-method> <!-- tearDown -->
      </class> <!-- com.lambda.test.SeleniumLambdaTest -->
    </test> <!-- Chrome Browser Testing -->
    <test started-at="2022-10-08T21:37:46 IST" name="Edge Browser Testing" finished-at="2022-10-08T21:38:16 IST" duration-ms="29359">
      <class name="com.lambda.test.SeleniumLambdaTest">
        <test-method is-config="true" signature="setup(java.lang.reflect.Method,org.testng.ITestContext,java.lang.String,java.lang.String,java.lang.String)[pri:0, instance:com.lambda.test.SeleniumLambdaTest@635eaaf1]" started-at="2022-10-08T21:37:46 IST" name="setup" finished-at="2022-10-08T21:37:53 IST" duration-ms="6661" status="PASS">
          <params>
            <param index="0">
              <value>
                <![CDATA[public void com.lambda.test.SeleniumLambdaTest.AdvancedSeleniumTestValidation(java.lang.String) throws java.lang.InterruptedException]]>
              </value>
            </param>
            <param index="1">
              <value>
                <![CDATA[org.testng.TestRunner@77847718]]>
              </value>
            </param>
            <param index="2">
              <value>
                <![CDATA[Edge]]>
              </value>
            </param>
            <param index="3">
              <value>
                <![CDATA[87.0]]>
              </value>
            </param>
            <param index="4">
              <value>
                <![CDATA[macOS Sierra]]>
              </value>
            </param>
          </params>
          <reporter-output>
            <line>
              <![CDATA[<===== Start of Test Method =====>]]>
            </line>
            <line>
              <![CDATA[Setting desired Capabilities]]>
            </line>
            <line>
              <![CDATA[Connecting to hub/ Grid]]>
            </line>
          </reporter-output>
        </test-method> <!-- setup -->
        <test-method signature="AdvancedSeleniumTestValidation(java.lang.String)[pri:0, instance:com.lambda.test.SeleniumLambdaTest@635eaaf1]" started-at="2022-10-08T21:37:53 IST" name="AdvancedSeleniumTestValidation" finished-at="2022-10-08T21:38:13 IST" duration-ms="20163" status="PASS">
          <params>
            <param index="0">
              <value>
                <![CDATA[https://www.lambdatest.com/]]>
              </value>
            </param>
          </params>
          <reporter-output>
            <line>
              <![CDATA[Step1: Navigate to https://www.lambdatest.com/]]>
            </line>
            <line>
              <![CDATA[Step2.Perform an Explicitly wait till the time all the elements in the DOM are available.]]>
            </line>
            <line>
              <![CDATA[Step3. Scroll to the WebElement SEE ALL INTEGRATIONS using the scrollIntoView() method.]]>
            </line>
            <line>
              <![CDATA[Step4. Click on the link and and validate url]]>
            </line>
            <line>
              <![CDATA[Step6. Verify whether the URL is the same as the expected URL-->]]>
            </line>
            <line>
              <![CDATA[Step7. On that page, scroll to the page where the WebElement Codeless Automation is present]]>
            </line>
            <line>
              <![CDATA[Step8. Click the LEARN MORE link for Testing Whiz. The page should open in the same window.]]>
            </line>
            <line>
              <![CDATA[Step9. Check if the title of the page is ‘TestingWhiz Integration | LambdaTest]]>
            </line>
            <line>
              <![CDATA[STep12. On the current window, set the URL to https://www.lambdatest.com/blog ]]>
            </line>
            <line>
              <![CDATA[Step13. Click on the Community link and verify whether the URL is --> https://community.lambdatest.com/]]>
            </line>
            <line>
              <![CDATA[**Note:- Steps 4,5,10 and 11 not applicable, since the test flow doesn't contain wondow handler things]]>
            </line>
          </reporter-output>
        </test-method> <!-- AdvancedSeleniumTestValidation -->
        <test-method is-config="true" signature="tearDown()[pri:0, instance:com.lambda.test.SeleniumLambdaTest@635eaaf1]" started-at="2022-10-08T21:38:13 IST" name="tearDown" finished-at="2022-10-08T21:38:16 IST" duration-ms="2529" status="PASS">
          <reporter-output>
            <line>
              <![CDATA[<+======Ending the Test Method =====>]]>
            </line>
            <line>
              <![CDATA[Step14. Close the current browser window]]>
            </line>
            <line>
              <![CDATA[Closing the browser session]]>
            </line>
          </reporter-output>
        </test-method> <!-- tearDown -->
      </class> <!-- com.lambda.test.SeleniumLambdaTest -->
    </test> <!-- Edge Browser Testing -->
  </suite> <!-- Cross Browser Single Test -->
</testng-results>
