<?xml version="1.0" encoding="UTF-8"?>
<testsuite xmlns:xsi="http://www.w3.org/2001/XMLSchema-instance" xsi:noNamespaceSchemaLocation="https://maven.apache.org/surefire/maven-surefire-plugin/xsd/surefire-test-report-3.0.xsd" version="3.0" name="TestSuite" time="103.431" tests="4" errors="0" skipped="0" failures="0">
  <properties>
[...]
</properties>
  <testcase name="AdvancedSeleniumTestValidation[https://www.lambdatest.com/](1)" classname="com.lambda.test.SeleniumLambdaTest" time="18.792">
    <system-out><![CDATA[Setting desired Capabilities
Setting desired Capabilities
Setting desired Capabilities
Connecting to hub/ Grid
Connecting to hub/ Grid
Connecting to hub/ Grid
Step1: Navigate to https://www.lambdatest.com/
Step1: Navigate to https://www.lambdatest.com/
Step2.Perform an Explicitly wait till the time all the elements in the DOM are available.
https://www.lambdatest.com/
Step3. Scroll to the WebElement SEE ALL INTEGRATIONS using the scrollIntoView() method.
Step2.Perform an Explicitly wait till the time all the elements in the DOM are available.
https://www.lambdatest.com/
Step3. Scroll to the WebElement SEE ALL INTEGRATIONS using the scrollIntoView() method.
Step4. Click on the link and and validate url
Step4. Click on the link and and validate url
https://www.lambdatest.com/
https://www.lambdatest.com/integrations
Step6. Verify whether the URL is the same as the expected URL-->
Step7. On that page, scroll to the page where the WebElement Codeless Automation is present
https://www.lambdatest.com/
https://www.lambdatest.com/integrations
Step6. Verify whether the URL is the same as the expected URL-->
Step7. On that page, scroll to the page where the WebElement Codeless Automation is present
Step8. Click the LEARN MORE link for Testing Whiz. The page should open in the same window.
Step8. Click the LEARN MORE link for Testing Whiz. The page should open in the same window.
Step9. Check if the title of the page is ‘TestingWhiz Integration | LambdaTest
TestingWhiz Integration With LambdaTest
STep12. On the current window, set the URL to https://www.lambdatest.com/blog 
Step9. Check if the title of the page is ‘TestingWhiz Integration | LambdaTest
TestingWhiz Integration With LambdaTest
STep12. On the current window, set the URL to https://www.lambdatest.com/blog 
Step13. Click on the Community link and verify whether the URL is --> https://community.lambdatest.com/
Step13. Click on the Community link and verify whether the URL is --> https://community.lambdatest.com/
https://www.lambdatest.com/
**Note:- Steps 4,5,10 and 11 not applicable, since the test flow doesn't contain wondow handler things
]]></system-out>
    <system-err><![CDATA[Oct 08, 2022 9:46:40 PM org.openqa.selenium.remote.tracing.opentelemetry.OpenTelemetryTracer createTracer
INFO: Using OpenTelemetry for tracing
SLF4J: Failed to load class "org.slf4j.impl.StaticLoggerBinder".
SLF4J: Defaulting to no-operation (NOP) logger implementation
SLF4J: See http://www.slf4j.org/codes.html#StaticLoggerBinder for further details.
Oct 08, 2022 9:46:43 PM org.openqa.selenium.remote.RemoteWebDriver checkNonW3CCapabilities
WARNING: Support for Legacy Capabilities is deprecated; You are sending the following invalid capabilities: [build, console, name, network, platform, plugin, version, video, visual]; Please update to W3C Syntax: https://www.selenium.dev/blog/2022/legacy-protocol-support/
Oct 08, 2022 9:46:43 PM org.openqa.selenium.remote.RemoteWebDriver checkNonW3CCapabilities
WARNING: Support for Legacy Capabilities is deprecated; You are sending the following invalid capabilities: [build, console, name, network, platform, plugin, version, video, visual]; Please update to W3C Syntax: https://www.selenium.dev/blog/2022/legacy-protocol-support/
Oct 08, 2022 9:46:43 PM org.openqa.selenium.remote.RemoteWebDriver checkNonW3CCapabilities
WARNING: Support for Legacy Capabilities is deprecated; You are sending the following invalid capabilities: [build, console, name, network, platform, plugin, version, video, visual]; Please update to W3C Syntax: https://www.selenium.dev/blog/2022/legacy-protocol-support/
Oct 08, 2022 9:46:53 PM org.openqa.selenium.remote.ProtocolHandshake createSession
INFO: Detected upstream dialect: W3C
Oct 08, 2022 9:46:53 PM org.openqa.selenium.remote.ProtocolHandshake createSession
INFO: Detected upstream dialect: W3C
Oct 08, 2022 9:46:53 PM org.openqa.selenium.remote.ProtocolHandshake createSession
WARNING: Support for Legacy Capabilities is deprecated; You are sending the following invalid capabilities: [build, console, name, network, platform, plugin, version, video, visual]; Please update to W3C Syntax: https://www.selenium.dev/blog/2022/legacy-protocol-support/
Oct 08, 2022 9:46:53 PM org.openqa.selenium.remote.ProtocolHandshake createSession
WARNING: Support for Legacy Capabilities is deprecated; You are sending the following invalid capabilities: [build, console, name, network, platform, plugin, version, video, visual]; Please update to W3C Syntax: https://www.selenium.dev/blog/2022/legacy-protocol-support/
]]></system-err>
  </testcase>
  <testcase name="AdvancedSeleniumTestValidation[https://www.lambdatest.com/](1)" classname="com.lambda.test.SeleniumLambdaTest" time="19.02">
    <system-out><![CDATA[<+======Ending the Test Method =====>
Step14. Close the current browser window
Closing the browser session
https://www.lambdatest.com/
**Note:- Steps 4,5,10 and 11 not applicable, since the test flow doesn't contain wondow handler things
]]></system-out>
  </testcase>
  <testcase name="AdvancedSeleniumTestValidation[https://www.lambdatest.com/](1)" classname="com.lambda.test.SeleniumLambdaTest" time="21.216">
    <system-out><![CDATA[<+======Ending the Test Method =====>
Step14. Close the current browser window
Closing the browser session
Step1: Navigate to https://www.lambdatest.com/
Step2.Perform an Explicitly wait till the time all the elements in the DOM are available.
https://www.lambdatest.com/
Step3. Scroll to the WebElement SEE ALL INTEGRATIONS using the scrollIntoView() method.
Step4. Click on the link and and validate url
https://www.lambdatest.com/
https://www.lambdatest.com/integrations
Step6. Verify whether the URL is the same as the expected URL-->
Step7. On that page, scroll to the page where the WebElement Codeless Automation is present
Step8. Click the LEARN MORE link for Testing Whiz. The page should open in the same window.
Step9. Check if the title of the page is ‘TestingWhiz Integration | LambdaTest
TestingWhiz Integration With LambdaTest
STep12. On the current window, set the URL to https://www.lambdatest.com/blog 
Step13. Click on the Community link and verify whether the URL is --> https://community.lambdatest.com/
https://www.lambdatest.com/
**Note:- Steps 4,5,10 and 11 not applicable, since the test flow doesn't contain wondow handler things
]]></system-out>
    <system-err><![CDATA[Oct 08, 2022 9:47:24 PM org.openqa.selenium.remote.ProtocolHandshake createSession
INFO: Detected upstream dialect: W3C
Oct 08, 2022 9:47:24 PM org.openqa.selenium.remote.ProtocolHandshake createSession
WARNING: Support for Legacy Capabilities is deprecated; You are sending the following invalid capabilities: [build, console, name, network, platform, plugin, version, video, visual]; Please update to W3C Syntax: https://www.selenium.dev/blog/2022/legacy-protocol-support/
]]></system-err>
  </testcase>
  <testcase name="AdvancedSeleniumTestValidation[https://www.lambdatest.com/](1)" classname="com.lambda.test.SeleniumLambdaTest" time="20.36">
    <system-out><![CDATA[<+======Ending the Test Method =====>
Step14. Close the current browser window
Closing the browser session
Setting desired Capabilities
Connecting to hub/ Grid
Step1: Navigate to https://www.lambdatest.com/
Step2.Perform an Explicitly wait till the time all the elements in the DOM are available.
https://www.lambdatest.com/
Step3. Scroll to the WebElement SEE ALL INTEGRATIONS using the scrollIntoView() method.
Step4. Click on the link and and validate url
https://www.lambdatest.com/
https://www.lambdatest.com/integrations
Step6. Verify whether the URL is the same as the expected URL-->
Step7. On that page, scroll to the page where the WebElement Codeless Automation is present
Step8. Click the LEARN MORE link for Testing Whiz. The page should open in the same window.
Step9. Check if the title of the page is ‘TestingWhiz Integration | LambdaTest
TestingWhiz Integration With LambdaTest
STep12. On the current window, set the URL to https://www.lambdatest.com/blog 
Step13. Click on the Community link and verify whether the URL is --> https://community.lambdatest.com/
https://www.lambdatest.com/
**Note:- Steps 4,5,10 and 11 not applicable, since the test flow doesn't contain wondow handler things
]]></system-out>
    <system-err><![CDATA[Oct 08, 2022 9:47:47 PM org.openqa.selenium.remote.RemoteWebDriver checkNonW3CCapabilities
WARNING: Support for Legacy Capabilities is deprecated; You are sending the following invalid capabilities: [build, console, name, network, platform, plugin, version, video, visual]; Please update to W3C Syntax: https://www.selenium.dev/blog/2022/legacy-protocol-support/
Oct 08, 2022 9:47:58 PM org.openqa.selenium.remote.ProtocolHandshake createSession
INFO: Detected upstream dialect: W3C
Oct 08, 2022 9:47:58 PM org.openqa.selenium.remote.ProtocolHandshake createSession
WARNING: Support for Legacy Capabilities is deprecated; You are sending the following invalid capabilities: [build, console, name, network, platform, plugin, version, video, visual]; Please update to W3C Syntax: https://www.selenium.dev/blog/2022/legacy-protocol-support/
]]></system-err>
  </testcase>
</testsuite>