<?xml version="1.0" encoding="UTF-8"?>
<!-- Generated by org.testng.reporters.JUnitReportReporter -->
<testsuite hostname="DESKTOP-FI8UJG3" failures="0" tests="1" name="com.lambda.test.SeleniumLambdaTest" time="35.557" errors="0" timestamp="2022-10-08T20:55:54 IST" skipped="0">
  <testcase classname="com.lambda.test.SeleniumLambdaTest" name="AdvancedSeleniumTestValidation" time="35.557"/>
  <system-out>
    <![CDATA[Step1: Navigate to https://www.lambdatest.com/
Step2.Perform an Explicitly wait till the time all the elements in the DOM are available.
Step3. Scroll to the WebElement SEE ALL INTEGRATIONS using the scrollIntoView() method.
Step4. Click on the link and and validate url
Step6. Verify whether the URL is the same as the expected URL-->
Step7. On that page, scroll to the page where the WebElement Codeless Automation is present
Step8. Click the LEARN MORE link for Testing Whiz. The page should open in the same window.
Step9. Check if the title of the page is ‘TestingWhiz Integration | LambdaTest
STep12. On the current window, set the URL to https://www.lambdatest.com/blog 
Step13. Click on the Community link and verify whether the URL is --> https://community.lambdatest.com/]]>
  </system-out>
</testsuite> <!-- com.lambda.test.SeleniumLambdaTest -->
